Flow report for FPGACONTROL
Mon Aug 04 17:03:36 2014
Quartus II Version 10.0 Build 262 08/18/2010 Service Pack 1 SJ Full Version


---------------------
; Table of Contents ;
---------------------
  1. Legal Notice
  2. Flow Summary
  3. Flow Settings
  4. Flow Non-Default Global Settings
  5. Flow Elapsed Time
  6. Flow OS Summary
  7. Flow Log



----------------
; Legal Notice ;
----------------
Copyright (C) 1991-2010 Altera Corporation
Your use of Altera Corporation's design tools, logic functions 
and other software and tools, and its AMPP partner logic 
functions, and any output files from any of the foregoing 
(including device programming or simulation files), and any 
associated documentation or information are expressly subject 
to the terms and conditions of the Altera Program License 
Subscription Agreement, Altera MegaCore Function License 
Agreement, or other applicable license agreement, including, 
without limitation, that your use is for the sole purpose of 
programming logic devices manufactured by Altera and sold by 
Altera or its authorized distributors.  Please refer to the 
applicable agreement for further details.



+-------------------------------------------------------------------------------------+
; Flow Summary                                                                        ;
+------------------------------------+------------------------------------------------+
; Flow Status                        ; Successful - Mon Aug 04 17:03:36 2014          ;
; Quartus II Version                 ; 10.0 Build 262 08/18/2010 SP 1 SJ Full Version ;
; Revision Name                      ; FPGACONTROL                                    ;
; Top-level Entity Name              ; FPGACONTROL                                    ;
; Family                             ; Cyclone II                                     ;
; Device                             ; EP2C5T144C8                                    ;
; Timing Models                      ; Final                                          ;
; Met timing requirements            ; No                                             ;
; Total logic elements               ; 400 / 4,608 ( 9 % )                            ;
;     Total combinational functions  ; 332 / 4,608 ( 7 % )                            ;
;     Dedicated logic registers      ; 231 / 4,608 ( 5 % )                            ;
; Total registers                    ; 231                                            ;
; Total pins                         ; 58 / 89 ( 65 % )                               ;
; Total virtual pins                 ; 0                                              ;
; Total memory bits                  ; 5,120 / 119,808 ( 4 % )                        ;
; Embedded Multiplier 9-bit elements ; 0 / 26 ( 0 % )                                 ;
; Total PLLs                         ; 1 / 2 ( 50 % )                                 ;
+------------------------------------+------------------------------------------------+


+-----------------------------------------+
; Flow Settings                           ;
+-------------------+---------------------+
; Option            ; Setting             ;
+-------------------+---------------------+
; Start date & time ; 08/04/2014 17:03:21 ;
; Main task         ; Compilation         ;
; Revision Name     ; FPGACONTROL         ;
+-------------------+---------------------+


+-------------------------------------------------------------------------------------------------------------------------------------------+
; Flow Non-Default Global Settings                                                                                                          ;
+-------------------------------------+------------------------------------------------------+---------------+-------------+----------------+
; Assignment Name                     ; Value                                                ; Default Value ; Entity Name ; Section Id     ;
+-------------------------------------+------------------------------------------------------+---------------+-------------+----------------+
; COMPILER_SIGNATURE_ID               ; 172310027683944.140714300116108                      ; --            ; --          ; --             ;
; EDA_OUTPUT_DATA_FORMAT              ; Vhdl                                                 ; --            ; --          ; eda_simulation ;
; EDA_SIMULATION_TOOL                 ; ModelSim (VHDL)                                      ; <None>        ; --          ; --             ;
; EDA_TIME_SCALE                      ; 1 ps                                                 ; --            ; --          ; eda_simulation ;
; IP_TOOL_NAME                        ; ALTPLL                                               ; --            ; --          ; --             ;
; IP_TOOL_NAME                        ; FIFO                                                 ; --            ; --          ; --             ;
; IP_TOOL_NAME                        ; RAM: 2-PORT                                          ; --            ; --          ; --             ;
; IP_TOOL_VERSION                     ; 10.0                                                 ; --            ; --          ; --             ;
; IP_TOOL_VERSION                     ; 10.0                                                 ; --            ; --          ; --             ;
; IP_TOOL_VERSION                     ; 10.0                                                 ; --            ; --          ; --             ;
; MAX_CORE_JUNCTION_TEMP              ; 85                                                   ; --            ; --          ; --             ;
; MIN_CORE_JUNCTION_TEMP              ; 0                                                    ; --            ; --          ; --             ;
; MISC_FILE                           ; PLL80M.bsf                                           ; --            ; --          ; --             ;
; MISC_FILE                           ; PLL80M.cmp                                           ; --            ; --          ; --             ;
; MISC_FILE                           ; PLL80M.ppf                                           ; --            ; --          ; --             ;
; MISC_FILE                           ; E:/nios/chen/FPGACONTROL/FPGACONTROL.dpf             ; --            ; --          ; --             ;
; MISC_FILE                           ; FIFO12.bsf                                           ; --            ; --          ; --             ;
; MISC_FILE                           ; FIFO12.cmp                                           ; --            ; --          ; --             ;
; MISC_FILE                           ; C:/Users/toshiba/Desktop/FPGACONTROL/FPGACONTROL.dpf ; --            ; --          ; --             ;
; MISC_FILE                           ; RAM2PORT.bsf                                         ; --            ; --          ; --             ;
; MISC_FILE                           ; RAM2PORT.cmp                                         ; --            ; --          ; --             ;
; PARTITION_COLOR                     ; 16764057                                             ; --            ; --          ; Top            ;
; PARTITION_FITTER_PRESERVATION_LEVEL ; PLACEMENT_AND_ROUTING                                ; --            ; --          ; Top            ;
; PARTITION_NETLIST_TYPE              ; SOURCE                                               ; --            ; --          ; Top            ;
; POWER_BOARD_THERMAL_MODEL           ; None (CONSERVATIVE)                                  ; --            ; --          ; --             ;
; POWER_PRESET_COOLING_SOLUTION       ; 23 MM HEAT SINK WITH 200 LFPM AIRFLOW                ; --            ; --          ; --             ;
; SEARCH_PATH                         ; e:/nios/chen/fpgacontrol/dds                         ; --            ; --          ; --             ;
; SEARCH_PATH                         ; e:/nios/chen/fpgacontrol/datacarry                   ; --            ; --          ; --             ;
; SEARCH_PATH                         ; e:/nios/chen/fpgacontrol/div                         ; --            ; --          ; --             ;
; SEARCH_PATH                         ; e:/nios/chen/fpgacontrol/freqcalc                    ; --            ; --          ; --             ;
; SEARCH_PATH                         ; e:/nios/chen/fpgacontrol/select                      ; --            ; --          ; --             ;
+-------------------------------------+------------------------------------------------------+---------------+-------------+----------------+


+-----------------------------------------------------------------------------------------------------------------------------+
; Flow Elapsed Time                                                                                                           ;
+-------------------------+--------------+-------------------------+---------------------+------------------------------------+
; Module Name             ; Elapsed Time ; Average Processors Used ; Peak Virtual Memory ; Total CPU Time (on all processors) ;
+-------------------------+--------------+-------------------------+---------------------+------------------------------------+
; Analysis & Synthesis    ; 00:00:04     ; 1.0                     ; 293 MB              ; 00:00:04                           ;
; Fitter                  ; 00:00:04     ; 1.3                     ; 279 MB              ; 00:00:06                           ;
; Assembler               ; 00:00:00     ; 1.0                     ; 235 MB              ; 00:00:01                           ;
; Classic Timing Analyzer ; 00:00:01     ; 1.0                     ; 200 MB              ; 00:00:02                           ;
; EDA Netlist Writer      ; 00:00:00     ; 1.0                     ; 213 MB              ; 00:00:01                           ;
; Total                   ; 00:00:09     ; --                      ; --                  ; 00:00:14                           ;
+-------------------------+--------------+-------------------------+---------------------+------------------------------------+


+--------------------------------------------------------------------------------------+
; Flow OS Summary                                                                      ;
+-------------------------+------------------+-----------+------------+----------------+
; Module Name             ; Machine Hostname ; OS Name   ; OS Version ; Processor type ;
+-------------------------+------------------+-----------+------------+----------------+
; Analysis & Synthesis    ; toshiba-PC       ; Windows 7 ; 6.1        ; x86_64         ;
; Fitter                  ; toshiba-PC       ; Windows 7 ; 6.1        ; x86_64         ;
; Assembler               ; toshiba-PC       ; Windows 7 ; 6.1        ; x86_64         ;
; Classic Timing Analyzer ; toshiba-PC       ; Windows 7 ; 6.1        ; x86_64         ;
; EDA Netlist Writer      ; toshiba-PC       ; Windows 7 ; 6.1        ; x86_64         ;
+-------------------------+------------------+-----------+------------+----------------+


------------
; Flow Log ;
------------
quartus_map --read_settings_files=on --write_settings_files=off FPGACONTROL -c FPGACONTROL
quartus_fit --read_settings_files=off --write_settings_files=off FPGACONTROL -c FPGACONTROL
quartus_asm --read_settings_files=off --write_settings_files=off FPGACONTROL -c FPGACONTROL
quartus_tan --read_settings_files=off --write_settings_files=off FPGACONTROL -c FPGACONTROL --timing_analysis_only
quartus_eda --read_settings_files=off --write_settings_files=off FPGACONTROL -c FPGACONTROL



